21:07:08 **** Build of configuration Debug for project Blink ****
make -j16 all 
arm-none-eabi-gcc "../Core/Src/main.c" -mcpu=cortex-m4 -std=gnu11 -g3 -DDEBUG -DUSE_HAL_DRIVER -DSTM32L476xx -c -I../Core/Inc -IC:/Users/Razer/STM32Cube/Repository/STM32Cube_FW_L4_V1.17.2/Drivers/STM32L4xx_HAL_Driver/Inc -IC:/Users/Razer/STM32Cube/Repository/STM32Cube_FW_L4_V1.17.2/Drivers/STM32L4xx_HAL_Driver/Inc/Legacy -IC:/Users/Razer/STM32Cube/Repository/STM32Cube_FW_L4_V1.17.2/Drivers/CMSIS/Device/ST/STM32L4xx/Include -IC:/Users/Razer/STM32Cube/Repository/STM32Cube_FW_L4_V1.17.2/Drivers/CMSIS/Include -O0 -ffunction-sections -fdata-sections -Wall -fstack-usage -MMD -MP -MF"Core/Src/main.d" -MT"Core/Src/main.o" --specs=nano.specs -mfpu=fpv4-sp-d16 -mfloat-abi=hard -mthumb -o "Core/Src/main.o"
../Core/Src/main.c: In function 'main':
../Core/Src/main.c:114:5: warning: unused variable 'a' [-Wunused-variable]
  114 | int a = 0;
      |     ^
../Core/Src/main.c:105:12: warning: unused variable 'cnt' [-Wunused-variable]
  105 |   uint16_t cnt = 0;
      |            ^~~
arm-none-eabi-gcc -o "Blink.elf" @"objects.list"   -mcpu=cortex-m4 -T"D:\ST\WorkSpace\Blink\STM32L476RGTX_FLASH.ld" --specs=nosys.specs -Wl,-Map="Blink.map" -Wl,--gc-sections -static --specs=nano.specs -mfpu=fpv4-sp-d16 -mfloat-abi=hard -mthumb -Wl,--start-group -lc -lm -Wl,--end-group
d:\st\stm32cubeide_1.10.1\stm32cubeide\plugins\com.st.stm32cube.ide.mcu.externaltools.gnu-tools-for-stm32.10.3-2021.10.win32_1.0.0.202111181127\tools\arm-none-eabi\bin\ld.exe: ./Core/Src/adc.o: in function `MX_ADC1_Init':
D:/ST/WorkSpace/Blink/Debug/../Core/Src/adc.c:61: undefined reference to `HAL_ADC_Init'
d:\st\stm32cubeide_1.10.1\stm32cubeide\plugins\com.st.stm32cube.ide.mcu.externaltools.gnu-tools-for-stm32.10.3-2021.10.win32_1.0.0.202111181127\tools\arm-none-eabi\bin\ld.exe: D:/ST/WorkSpace/Blink/Debug/../Core/Src/adc.c:69: undefined reference to `HAL_ADCEx_MultiModeConfigChannel'
d:\st\stm32cubeide_1.10.1\stm32cubeide\plugins\com.st.stm32cube.ide.mcu.externaltools.gnu-tools-for-stm32.10.3-2021.10.win32_1.0.0.202111181127\tools\arm-none-eabi\bin\ld.exe: D:/ST/WorkSpace/Blink/Debug/../Core/Src/adc.c:82: undefined reference to `HAL_ADC_ConfigChannel'
d:\st\stm32cubeide_1.10.1\stm32cubeide\plugins\com.st.stm32cube.ide.mcu.externaltools.gnu-tools-for-stm32.10.3-2021.10.win32_1.0.0.202111181127\tools\arm-none-eabi\bin\ld.exe: ./Core/Src/gpio.o: in function `MX_GPIO_Init':
D:/ST/WorkSpace/Blink/Debug/../Core/Src/gpio.c:54: undefined reference to `HAL_GPIO_WritePin'
d:\st\stm32cubeide_1.10.1\stm32cubeide\plugins\com.st.stm32cube.ide.mcu.externaltools.gnu-tools-for-stm32.10.3-2021.10.win32_1.0.0.202111181127\tools\arm-none-eabi\bin\ld.exe: D:/ST/WorkSpace/Blink/Debug/../Core/Src/gpio.c:60: undefined reference to `HAL_GPIO_Init'
d:\st\stm32cubeide_1.10.1\stm32cubeide\plugins\com.st.stm32cube.ide.mcu.externaltools.gnu-tools-for-stm32.10.3-2021.10.win32_1.0.0.202111181127\tools\arm-none-eabi\bin\ld.exe: D:/ST/WorkSpace/Blink/Debug/../Core/Src/gpio.c:67: undefined reference to `HAL_GPIO_Init'
d:\st\stm32cubeide_1.10.1\stm32cubeide\plugins\com.st.stm32cube.ide.mcu.externaltools.gnu-tools-for-stm32.10.3-2021.10.win32_1.0.0.202111181127\tools\arm-none-eabi\bin\ld.exe: ./Core/Src/main.o: in function `__io_putchar':
D:/ST/WorkSpace/Blink/Debug/../Core/Src/main.c:66: undefined reference to `HAL_UART_Transmit'
d:\st\stm32cubeide_1.10.1\stm32cubeide\plugins\com.st.stm32cube.ide.mcu.externaltools.gnu-tools-for-stm32.10.3-2021.10.win32_1.0.0.202111181127\tools\arm-none-eabi\bin\ld.exe: ./Core/Src/main.o: in function `main':
D:/ST/WorkSpace/Blink/Debug/../Core/Src/main.c:86: undefined reference to `HAL_Init'
d:\st\stm32cubeide_1.10.1\stm32cubeide\plugins\com.st.stm32cube.ide.mcu.externaltools.gnu-tools-for-stm32.10.3-2021.10.win32_1.0.0.202111181127\tools\arm-none-eabi\bin\ld.exe: ./Core/Src/main.o: in function `SystemClock_Config':
D:/ST/WorkSpace/Blink/Debug/../Core/Src/main.c:135: undefined reference to `HAL_PWREx_ControlVoltageScaling'
d:\st\stm32cubeide_1.10.1\stm32cubeide\plugins\com.st.stm32cube.ide.mcu.externaltools.gnu-tools-for-stm32.10.3-2021.10.win32_1.0.0.202111181127\tools\arm-none-eabi\bin\ld.exe: D:/ST/WorkSpace/Blink/Debug/../Core/Src/main.c:153: undefined reference to `HAL_RCC_OscConfig'
d:\st\stm32cubeide_1.10.1\stm32cubeide\plugins\com.st.stm32cube.ide.mcu.externaltools.gnu-tools-for-stm32.10.3-2021.10.win32_1.0.0.202111181127\tools\arm-none-eabi\bin\ld.exe: D:/ST/WorkSpace/Blink/Debug/../Core/Src/main.c:167: undefined reference to `HAL_RCC_ClockConfig'
d:\st\stm32cubeide_1.10.1\stm32cubeide\plugins\com.st.stm32cube.ide.mcu.externaltools.gnu-tools-for-stm32.10.3-2021.10.win32_1.0.0.202111181127\tools\arm-none-eabi\bin\ld.exe: ./Core/Src/main.o: in function `Get_Adc':
D:/ST/WorkSpace/Blink/Debug/../Core/Src/main.c:175: undefined reference to `HAL_ADC_Start'
d:\st\stm32cubeide_1.10.1\stm32cubeide\plugins\com.st.stm32cube.ide.mcu.externaltools.gnu-tools-for-stm32.10.3-2021.10.win32_1.0.0.202111181127\tools\arm-none-eabi\bin\ld.exe: D:/ST/WorkSpace/Blink/Debug/../Core/Src/main.c:176: undefined reference to `HAL_ADC_PollForConversion'
d:\st\stm32cubeide_1.10.1\stm32cubeide\plugins\com.st.stm32cube.ide.mcu.externaltools.gnu-tools-for-stm32.10.3-2021.10.win32_1.0.0.202111181127\tools\arm-none-eabi\bin\ld.exe: D:/ST/WorkSpace/Blink/Debug/../Core/Src/main.c:177: undefined reference to `HAL_ADC_GetState'
d:\st\stm32cubeide_1.10.1\stm32cubeide\plugins\com.st.stm32cube.ide.mcu.externaltools.gnu-tools-for-stm32.10.3-2021.10.win32_1.0.0.202111181127\tools\arm-none-eabi\bin\ld.exe: D:/ST/WorkSpace/Blink/Debug/../Core/Src/main.c:178: undefined reference to `HAL_ADC_GetValue'
d:\st\stm32cubeide_1.10.1\stm32cubeide\plugins\com.st.stm32cube.ide.mcu.externaltools.gnu-tools-for-stm32.10.3-2021.10.win32_1.0.0.202111181127\tools\arm-none-eabi\bin\ld.exe: ./Core/Src/stm32l4xx_it.o: in function `SysTick_Handler':
D:/ST/WorkSpace/Blink/Debug/../Core/Src/stm32l4xx_it.c:188: undefined reference to `HAL_IncTick'
d:\st\stm32cubeide_1.10.1\stm32cubeide\plugins\com.st.stm32cube.ide.mcu.externaltools.gnu-tools-for-stm32.10.3-2021.10.win32_1.0.0.202111181127\tools\arm-none-eabi\bin\ld.exe: ./Core/Src/usart.o: in function `MX_USART1_UART_Init':
D:/ST/WorkSpace/Blink/Debug/../Core/Src/usart.c:52: undefined reference to `HAL_UART_Init'
d:\st\stm32cubeide_1.10.1\stm32cubeide\plugins\com.st.stm32cube.ide.mcu.externaltools.gnu-tools-for-stm32.10.3-2021.10.win32_1.0.0.202111181127\tools\arm-none-eabi\bin\ld.exe: ./Core/Src/usart.o: in function `MX_USART2_UART_Init':
D:/ST/WorkSpace/Blink/Debug/../Core/Src/usart.c:83: undefined reference to `HAL_UART_Init'
collect2.exe: error: ld returned 1 exit status
make: *** [makefile:63: Blink.elf] Error 1
"make -j16 all" terminated with exit code 2. Build might be incomplete.

21:07:09 Build Failed. 28 errors, 2 warnings. (took 615ms)

